<?xml version="1.0" encoding="utf-8"?>
<TestRun id="6b8bd227-21c6-42a3-bab7-31e9e5be5016" name="@buildkitsandbox 2024-10-07 10:16:31" xmlns="http://microsoft.com/schemas/VisualStudio/TeamTest/2010">
  <Times creation="2024-10-07T10:16:31.9126857+00:00" queuing="2024-10-07T10:16:31.9126857+00:00" start="2024-10-07T10:16:24.8885652+00:00" finish="2024-10-07T10:16:31.9184271+00:00" />
  <TestSettings name="default" id="b6475d95-6b49-4174-9786-1e3b3226bd12">
    <Deployment runDeploymentRoot="_buildkitsandbox_2024-10-07_10_16_31" />
  </TestSettings>
  <Results>
    <UnitTestResult executionId="051210a3-5cc1-4e49-9839-46d1b2165a5a" testId="f0e7a6f4-58ef-0110-97e5-85fd965c7186" testName="WaitForOver5Minutes" computerName="buildkitsandbox" duration="00:00:06.0338150" startTime="2024-10-07T10:16:25.7891268+00:00" endTime="2024-10-07T10:16:31.8229063+00:00" testType="13cdc9d9-ddb5-4fa4-a97d-d965ccfc6d4b" outcome="Passed" testListId="8c84fa94-04c1-424b-9868-57a2d4851a1d" relativeResultsDirectory="051210a3-5cc1-4e49-9839-46d1b2165a5a">
      <Output>
        <StdOut>Given I wait for over 5 minutes
-&gt; done: StepDefinitions.GivenIWaitForOverMinutes(5) (6.0s)</StdOut>
      </Output>
    </UnitTestResult>
  </Results>
  <TestDefinitions>
    <UnitTest name="WaitForOver5Minutes" storage="/src/dagger-issue/test/bin/release/net8.0/test.dll" id="f0e7a6f4-58ef-0110-97e5-85fd965c7186">
      <Execution id="051210a3-5cc1-4e49-9839-46d1b2165a5a" />
      <TestMethod codeBase="/src/dagger-issue/Test/bin/Release/net8.0/Test.dll" adapterTypeName="executor://nunit3testexecutor/" className="Test.Features.DaggerIssueFeature" name="WaitForOver5Minutes" />
    </UnitTest>
  </TestDefinitions>
  <TestEntries>
    <TestEntry testId="f0e7a6f4-58ef-0110-97e5-85fd965c7186" executionId="051210a3-5cc1-4e49-9839-46d1b2165a5a" testListId="8c84fa94-04c1-424b-9868-57a2d4851a1d" />
  </TestEntries>
  <TestLists>
    <TestList name="Results Not in a List" id="8c84fa94-04c1-424b-9868-57a2d4851a1d" />
    <TestList name="All Loaded Results" id="19431567-8539-422a-85d7-44ee4e166bda" />
  </TestLists>
  <ResultSummary outcome="Completed">
    <Counters total="1" executed="1" passed="1" failed="0" error="0" timeout="0" aborted="0" inconclusive="0" passedButRunAborted="0" notRunnable="0" notExecuted="0" disconnected="0" warning="0" completed="0" inProgress="0" pending="0" />
    <Output>
      <StdOut>NUnit Adapter 4.6.0.0: Test execution started
Running all tests in /src/dagger-issue/Test/bin/Release/net8.0/Test.dll
   NUnit3TestExecutor discovered 1 of 1 NUnit test cases using Current Discovery mode, Non-Explicit run
Given I wait for over 5 minutes
-&gt; done: StepDefinitions.GivenIWaitForOverMinutes(5) (6.0s)

NUnit Adapter 4.6.0.0: Test execution complete
</StdOut>
    </Output>
  </ResultSummary>
</TestRun>